<?xml version="1.0" encoding="UTF-8"?>
<!-- Generated by org.testng.reporters.JUnitReportReporter -->
<testsuite hostname="Dell-PC" failures="0" tests="1" name="TestClass.loginTest" time="42.246" errors="0" timestamp="2022-02-01T01:33:49 IST" skipped="0">
  <testcase classname="TestClass.loginTest" name="applicationLoginTest" time="42.246"/>
  <system-out/>
</testsuite> <!-- TestClass.loginTest -->
