<?xml version="1.0" encoding="UTF-8"?>
<!-- Generated by org.testng.reporters.JUnitReportReporter -->
<testsuite hostname="Dell-PC" failures="0" tests="4" name="TestClass.aspireTests" time="89.054" errors="0" timestamp="2022-02-01T15:56:38 IST" skipped="0">
  <testcase classname="TestClass.aspireTests" name="creationOfNewManufactureOrderforProduct" time="10.574"/>
  <system-out/>
  <testcase classname="TestClass.aspireTests" name="applicationLoginTest" time="52.441"/>
  <system-out/>
  <testcase classname="TestClass.aspireTests" name="verificationOfManufactureOrder" time="5.924"/>
  <system-out/>
  <testcase classname="TestClass.aspireTests" name="createNewProductAndUpdateQuantity" time="20.115"/>
  <system-out/>
</testsuite> <!-- TestClass.aspireTests -->
